<?xml version="1.0" encoding="utf-8"?><testsuites name="pytest tests"><testsuite name="pytest" errors="0" failures="0" skipped="0" tests="4" time="25.348" timestamp="2026-09-14T21:42:58.408143+00:00" hostname="agent-env-916527f5-3794-46bf-b325-73e0c9cde0b0"><testcase classname="tests.test_branchiq_api" name="test_root_status" time="0.389" /><testcase classname="tests.test_branchiq_api" name="test_consultant_ask_with_context" time="13.873" /><testcase classname="tests.test_branchiq_api" name="test_consultant_ask_empty_context" time="9.462" /><testcase classname="tests.test_branchiq_api" name="test_consultant_history_contains_prev" time="1.195" /></testsuite></testsuites>